2022-06-06 00:01:46.758  INFO 20768 --- [restartedMain] c.b.e.EmployeePayrollAppApplication      : Starting EmployeePayrollAppApplication using Java 1.8.0_181 on LAPTOP-PUULM6OO with PID 20768 (C:\Users\Mangesh\Downloads\JavaWebApplicationStepByStep-master\employeepayrollapp\target\classes started by Mangesh in C:\Users\Mangesh\Downloads\JavaWebApplicationStepByStep-master\employeepayrollapp)
2022-06-06 00:01:46.766 DEBUG 20768 --- [restartedMain] c.b.e.EmployeePayrollAppApplication      : Running with Spring Boot v2.7.0, Spring v5.3.20
2022-06-06 00:01:46.767  INFO 20768 --- [restartedMain] c.b.e.EmployeePayrollAppApplication      : The following 1 profile is active: "dev"
2022-06-06 00:01:51.079  WARN 20768 --- [restartedMain] JpaBaseConfiguration$JpaWebConfiguration : spring.jpa.open-in-view is enabled by default. Therefore, database queries may be performed during view rendering. Explicitly configure spring.jpa.open-in-view to disable this warning
2022-06-06 00:01:51.906  INFO 20768 --- [restartedMain] c.b.e.EmployeePayrollAppApplication      : Started EmployeePayrollAppApplication in 5.728 seconds (JVM running for 6.31)
2022-06-06 00:01:51.913  INFO 20768 --- [restartedMain] c.b.e.EmployeePayrollAppApplication      : Employee Payroll App Started
2022-06-06 00:01:51.913  INFO 20768 --- [restartedMain] c.b.e.EmployeePayrollAppApplication      : Employee Payroll DB User is root 
2022-06-06 00:04:00.595  INFO 22124 --- [restartedMain] c.b.e.EmployeePayrollAppApplication      : Starting EmployeePayrollAppApplication using Java 1.8.0_181 on LAPTOP-PUULM6OO with PID 22124 (C:\Users\Mangesh\Downloads\JavaWebApplicationStepByStep-master\employeepayrollapp\target\classes started by Mangesh in C:\Users\Mangesh\Downloads\JavaWebApplicationStepByStep-master\employeepayrollapp)
2022-06-06 00:04:00.597 DEBUG 22124 --- [restartedMain] c.b.e.EmployeePayrollAppApplication      : Running with Spring Boot v2.7.0, Spring v5.3.20
2022-06-06 00:04:00.598  INFO 22124 --- [restartedMain] c.b.e.EmployeePayrollAppApplication      : The following 1 profile is active: "dev"
2022-06-06 00:04:05.636  WARN 22124 --- [restartedMain] JpaBaseConfiguration$JpaWebConfiguration : spring.jpa.open-in-view is enabled by default. Therefore, database queries may be performed during view rendering. Explicitly configure spring.jpa.open-in-view to disable this warning
2022-06-06 00:04:06.552  INFO 22124 --- [restartedMain] c.b.e.EmployeePayrollAppApplication      : Started EmployeePayrollAppApplication in 6.386 seconds (JVM running for 6.987)
2022-06-06 00:04:06.558  INFO 22124 --- [restartedMain] c.b.e.EmployeePayrollAppApplication      : Employee Payroll App Started
2022-06-06 00:04:06.560  INFO 22124 --- [restartedMain] c.b.e.EmployeePayrollAppApplication      : Employee Payroll DB User is root 
2022-06-06 00:08:37.818  INFO 23612 --- [restartedMain] c.b.e.EmployeePayrollAppApplication      : Starting EmployeePayrollAppApplication using Java 1.8.0_181 on LAPTOP-PUULM6OO with PID 23612 (C:\Users\Mangesh\Downloads\JavaWebApplicationStepByStep-master\employeepayrollapp\target\classes started by Mangesh in C:\Users\Mangesh\Downloads\JavaWebApplicationStepByStep-master\employeepayrollapp)
2022-06-06 00:08:37.820 DEBUG 23612 --- [restartedMain] c.b.e.EmployeePayrollAppApplication      : Running with Spring Boot v2.7.0, Spring v5.3.20
2022-06-06 00:08:37.820  INFO 23612 --- [restartedMain] c.b.e.EmployeePayrollAppApplication      : The following 1 profile is active: "dev"
2022-06-06 00:08:43.381  WARN 23612 --- [restartedMain] JpaBaseConfiguration$JpaWebConfiguration : spring.jpa.open-in-view is enabled by default. Therefore, database queries may be performed during view rendering. Explicitly configure spring.jpa.open-in-view to disable this warning
2022-06-06 00:08:44.269  INFO 23612 --- [restartedMain] c.b.e.EmployeePayrollAppApplication      : Started EmployeePayrollAppApplication in 6.917 seconds (JVM running for 7.548)
2022-06-06 00:08:44.273  INFO 23612 --- [restartedMain] c.b.e.EmployeePayrollAppApplication      : Employee Payroll App Started
2022-06-06 00:08:44.275  INFO 23612 --- [restartedMain] c.b.e.EmployeePayrollAppApplication      : Employee Payroll DB User is root 
2022-06-06 00:08:58.437  WARN 23612 --- [http-nio-8085-exec-2] .w.s.m.s.DefaultHandlerExceptionResolver : Resolved [org.springframework.web.bind.MethodArgumentNotValidException: Validation failed for argument [0] in public org.springframework.http.ResponseEntity<com.bridgelabz.employeepayrollapp.dto.ResponseDTO> com.bridgelabz.employeepayrollapp.controller.EmployeePayrollController.addEmployeePayrollData(com.bridgelabz.employeepayrollapp.dto.EmployeePayrollDTO): [Field error in object 'employeePayrollDTO' on field 'salary': rejected value [80]; codes [Min.employeePayrollDTO.salary,Min.salary,Min.long,Min]; arguments [org.springframework.context.support.DefaultMessageSourceResolvable: codes [employeePayrollDTO.salary,salary]; arguments []; default message [salary],500]; default message [Min Wage should be more than 500]] ]
2022-06-06 00:09:40.166  WARN 23612 --- [http-nio-8085-exec-5] .w.s.m.s.DefaultHandlerExceptionResolver : Resolved [org.springframework.web.bind.MethodArgumentNotValidException: Validation failed for argument [0] in public org.springframework.http.ResponseEntity<com.bridgelabz.employeepayrollapp.dto.ResponseDTO> com.bridgelabz.employeepayrollapp.controller.EmployeePayrollController.addEmployeePayrollData(com.bridgelabz.employeepayrollapp.dto.EmployeePayrollDTO): [Field error in object 'employeePayrollDTO' on field 'name': rejected value []; codes [NotEmpty.employeePayrollDTO.name,NotEmpty.name,NotEmpty.java.lang.String,NotEmpty]; arguments [org.springframework.context.support.DefaultMessageSourceResolvable: codes [employeePayrollDTO.name,name]; arguments []; default message [name]]; default message [Employee name cannot be null]] ]
2022-06-06 00:16:18.254  INFO 22188 --- [restartedMain] c.b.e.EmployeePayrollAppApplication      : Starting EmployeePayrollAppApplication using Java 1.8.0_181 on LAPTOP-PUULM6OO with PID 22188 (C:\Users\Mangesh\Downloads\JavaWebApplicationStepByStep-master\employeepayrollapp\target\classes started by Mangesh in C:\Users\Mangesh\Downloads\JavaWebApplicationStepByStep-master\employeepayrollapp)
2022-06-06 00:16:18.257 DEBUG 22188 --- [restartedMain] c.b.e.EmployeePayrollAppApplication      : Running with Spring Boot v2.7.0, Spring v5.3.20
2022-06-06 00:16:18.258  INFO 22188 --- [restartedMain] c.b.e.EmployeePayrollAppApplication      : The following 1 profile is active: "dev"
2022-06-06 00:16:22.780  WARN 22188 --- [restartedMain] JpaBaseConfiguration$JpaWebConfiguration : spring.jpa.open-in-view is enabled by default. Therefore, database queries may be performed during view rendering. Explicitly configure spring.jpa.open-in-view to disable this warning
2022-06-06 00:16:23.671  INFO 22188 --- [restartedMain] c.b.e.EmployeePayrollAppApplication      : Started EmployeePayrollAppApplication in 6.062 seconds (JVM running for 6.646)
2022-06-06 00:16:23.676  INFO 22188 --- [restartedMain] c.b.e.EmployeePayrollAppApplication      : Employee Payroll App Started
2022-06-06 00:16:23.678  INFO 22188 --- [restartedMain] c.b.e.EmployeePayrollAppApplication      : Employee Payroll DB User is root 
2022-06-06 00:16:38.198  WARN 22188 --- [http-nio-8085-exec-2] .m.m.a.ExceptionHandlerExceptionResolver : Resolved [org.springframework.web.bind.MethodArgumentNotValidException: Validation failed for argument [0] in public org.springframework.http.ResponseEntity<com.bridgelabz.employeepayrollapp.dto.ResponseDTO> com.bridgelabz.employeepayrollapp.controller.EmployeePayrollController.addEmployeePayrollData(com.bridgelabz.employeepayrollapp.dto.EmployeePayrollDTO) with 2 errors: [Field error in object 'employeePayrollDTO' on field 'salary': rejected value [80]; codes [Min.employeePayrollDTO.salary,Min.salary,Min.long,Min]; arguments [org.springframework.context.support.DefaultMessageSourceResolvable: codes [employeePayrollDTO.salary,salary]; arguments []; default message [salary],500]; default message [Min Wage should be more than 500]] [Field error in object 'employeePayrollDTO' on field 'name': rejected value []; codes [NotEmpty.employeePayrollDTO.name,NotEmpty.name,NotEmpty.java.lang.String,NotEmpty]; arguments [org.springframework.context.support.DefaultMessageSourceResolvable: codes [employeePayrollDTO.name,name]; arguments []; default message [name]]; default message [Employee name cannot be null]] ]
2022-06-06 00:16:53.202  WARN 22188 --- [http-nio-8085-exec-4] .m.m.a.ExceptionHandlerExceptionResolver : Resolved [org.springframework.web.bind.MethodArgumentNotValidException: Validation failed for argument [0] in public org.springframework.http.ResponseEntity<com.bridgelabz.employeepayrollapp.dto.ResponseDTO> com.bridgelabz.employeepayrollapp.controller.EmployeePayrollController.addEmployeePayrollData(com.bridgelabz.employeepayrollapp.dto.EmployeePayrollDTO): [Field error in object 'employeePayrollDTO' on field 'name': rejected value []; codes [NotEmpty.employeePayrollDTO.name,NotEmpty.name,NotEmpty.java.lang.String,NotEmpty]; arguments [org.springframework.context.support.DefaultMessageSourceResolvable: codes [employeePayrollDTO.name,name]; arguments []; default message [name]]; default message [Employee name cannot be null]] ]
2022-06-06 00:26:07.069  INFO 15084 --- [restartedMain] c.b.e.EmployeePayrollAppApplication      : Starting EmployeePayrollAppApplication using Java 1.8.0_181 on LAPTOP-PUULM6OO with PID 15084 (C:\Users\Mangesh\Downloads\JavaWebApplicationStepByStep-master\employeepayrollapp\target\classes started by Mangesh in C:\Users\Mangesh\Downloads\JavaWebApplicationStepByStep-master\employeepayrollapp)
2022-06-06 00:26:07.071 DEBUG 15084 --- [restartedMain] c.b.e.EmployeePayrollAppApplication      : Running with Spring Boot v2.7.0, Spring v5.3.20
2022-06-06 00:26:07.071  INFO 15084 --- [restartedMain] c.b.e.EmployeePayrollAppApplication      : The following 1 profile is active: "dev"
2022-06-06 00:26:11.960  WARN 15084 --- [restartedMain] JpaBaseConfiguration$JpaWebConfiguration : spring.jpa.open-in-view is enabled by default. Therefore, database queries may be performed during view rendering. Explicitly configure spring.jpa.open-in-view to disable this warning
2022-06-06 00:26:12.969  INFO 15084 --- [restartedMain] c.b.e.EmployeePayrollAppApplication      : Started EmployeePayrollAppApplication in 6.392 seconds (JVM running for 7.023)
2022-06-06 00:26:12.973  INFO 15084 --- [restartedMain] c.b.e.EmployeePayrollAppApplication      : Employee Payroll App Started
2022-06-06 00:26:12.975  INFO 15084 --- [restartedMain] c.b.e.EmployeePayrollAppApplication      : Employee Payroll DB User is root 
2022-06-06 00:27:07.978  WARN 15084 --- [http-nio-8085-exec-7] .m.m.a.ExceptionHandlerExceptionResolver : Resolved [com.bridgelabz.employeepayrollapp.exception.EmployeePayrollException: Employee Not Found]
2022-06-06 00:31:06.013  INFO 22796 --- [restartedMain] c.b.e.EmployeePayrollAppApplication      : Starting EmployeePayrollAppApplication using Java 1.8.0_181 on LAPTOP-PUULM6OO with PID 22796 (C:\Users\Mangesh\Downloads\JavaWebApplicationStepByStep-master\employeepayrollapp\target\classes started by Mangesh in C:\Users\Mangesh\Downloads\JavaWebApplicationStepByStep-master\employeepayrollapp)
2022-06-06 00:31:06.017 DEBUG 22796 --- [restartedMain] c.b.e.EmployeePayrollAppApplication      : Running with Spring Boot v2.7.0, Spring v5.3.20
2022-06-06 00:31:06.018  INFO 22796 --- [restartedMain] c.b.e.EmployeePayrollAppApplication      : The following 1 profile is active: "dev"
2022-06-06 00:31:10.873  WARN 22796 --- [restartedMain] JpaBaseConfiguration$JpaWebConfiguration : spring.jpa.open-in-view is enabled by default. Therefore, database queries may be performed during view rendering. Explicitly configure spring.jpa.open-in-view to disable this warning
2022-06-06 00:31:11.726  INFO 22796 --- [restartedMain] c.b.e.EmployeePayrollAppApplication      : Started EmployeePayrollAppApplication in 6.209 seconds (JVM running for 6.801)
2022-06-06 00:31:11.731  INFO 22796 --- [restartedMain] c.b.e.EmployeePayrollAppApplication      : Employee Payroll App Started
2022-06-06 00:31:11.733  INFO 22796 --- [restartedMain] c.b.e.EmployeePayrollAppApplication      : Employee Payroll DB User is root 
2022-06-06 00:31:45.143  WARN 22796 --- [http-nio-8085-exec-6] .m.m.a.ExceptionHandlerExceptionResolver : Resolved [com.bridgelabz.employeepayrollapp.exception.EmployeePayrollException: Employee with Employee Id 5 Does Not Exists In Database.]
2022-06-06 00:32:22.688  WARN 22796 --- [http-nio-8085-exec-10] .w.s.m.s.DefaultHandlerExceptionResolver : Resolved [org.springframework.web.bind.MethodArgumentNotValidException: Validation failed for argument [0] in public org.springframework.http.ResponseEntity<com.bridgelabz.employeepayrollapp.dto.ResponseDTO> com.bridgelabz.employeepayrollapp.controller.EmployeePayrollController.addEmployeePayrollData(com.bridgelabz.employeepayrollapp.dto.EmployeePayrollDTO): [Field error in object 'employeePayrollDTO' on field 'salary': rejected value [80]; codes [Min.employeePayrollDTO.salary,Min.salary,Min.long,Min]; arguments [org.springframework.context.support.DefaultMessageSourceResolvable: codes [employeePayrollDTO.salary,salary]; arguments []; default message [salary],500]; default message [Min Wage should be more than 500]] ]
2022-06-06 00:34:07.037  INFO 4620 --- [restartedMain] c.b.e.EmployeePayrollAppApplication      : Starting EmployeePayrollAppApplication using Java 1.8.0_181 on LAPTOP-PUULM6OO with PID 4620 (C:\Users\Mangesh\Downloads\JavaWebApplicationStepByStep-master\employeepayrollapp\target\classes started by Mangesh in C:\Users\Mangesh\Downloads\JavaWebApplicationStepByStep-master\employeepayrollapp)
2022-06-06 00:34:07.040 DEBUG 4620 --- [restartedMain] c.b.e.EmployeePayrollAppApplication      : Running with Spring Boot v2.7.0, Spring v5.3.20
2022-06-06 00:34:07.042  INFO 4620 --- [restartedMain] c.b.e.EmployeePayrollAppApplication      : The following 1 profile is active: "dev"
2022-06-06 00:34:11.563  WARN 4620 --- [restartedMain] JpaBaseConfiguration$JpaWebConfiguration : spring.jpa.open-in-view is enabled by default. Therefore, database queries may be performed during view rendering. Explicitly configure spring.jpa.open-in-view to disable this warning
2022-06-06 00:34:12.434  INFO 4620 --- [restartedMain] c.b.e.EmployeePayrollAppApplication      : Started EmployeePayrollAppApplication in 5.874 seconds (JVM running for 6.461)
2022-06-06 00:34:12.439  INFO 4620 --- [restartedMain] c.b.e.EmployeePayrollAppApplication      : Employee Payroll App Started
2022-06-06 00:34:12.441  INFO 4620 --- [restartedMain] c.b.e.EmployeePayrollAppApplication      : Employee Payroll DB User is root 
2022-06-06 00:34:26.244  WARN 4620 --- [http-nio-8085-exec-1] .m.m.a.ExceptionHandlerExceptionResolver : Resolved [org.springframework.web.bind.MethodArgumentNotValidException: Validation failed for argument [0] in public org.springframework.http.ResponseEntity<com.bridgelabz.employeepayrollapp.dto.ResponseDTO> com.bridgelabz.employeepayrollapp.controller.EmployeePayrollController.addEmployeePayrollData(com.bridgelabz.employeepayrollapp.dto.EmployeePayrollDTO): [Field error in object 'employeePayrollDTO' on field 'salary': rejected value [80]; codes [Min.employeePayrollDTO.salary,Min.salary,Min.long,Min]; arguments [org.springframework.context.support.DefaultMessageSourceResolvable: codes [employeePayrollDTO.salary,salary]; arguments []; default message [salary],500]; default message [Min Wage should be more than 500]] ]
2022-06-06 00:34:42.321  WARN 4620 --- [http-nio-8085-exec-4] .m.m.a.ExceptionHandlerExceptionResolver : Resolved [org.springframework.web.bind.MethodArgumentNotValidException: Validation failed for argument [0] in public org.springframework.http.ResponseEntity<com.bridgelabz.employeepayrollapp.dto.ResponseDTO> com.bridgelabz.employeepayrollapp.controller.EmployeePayrollController.addEmployeePayrollData(com.bridgelabz.employeepayrollapp.dto.EmployeePayrollDTO): [Field error in object 'employeePayrollDTO' on field 'name': rejected value []; codes [NotEmpty.employeePayrollDTO.name,NotEmpty.name,NotEmpty.java.lang.String,NotEmpty]; arguments [org.springframework.context.support.DefaultMessageSourceResolvable: codes [employeePayrollDTO.name,name]; arguments []; default message [name]]; default message [Employee name cannot be null]] ]
2022-06-06 00:34:48.763  WARN 4620 --- [http-nio-8085-exec-6] .m.m.a.ExceptionHandlerExceptionResolver : Resolved [org.springframework.web.bind.MethodArgumentNotValidException: Validation failed for argument [0] in public org.springframework.http.ResponseEntity<com.bridgelabz.employeepayrollapp.dto.ResponseDTO> com.bridgelabz.employeepayrollapp.controller.EmployeePayrollController.addEmployeePayrollData(com.bridgelabz.employeepayrollapp.dto.EmployeePayrollDTO) with 2 errors: [Field error in object 'employeePayrollDTO' on field 'name': rejected value []; codes [NotEmpty.employeePayrollDTO.name,NotEmpty.name,NotEmpty.java.lang.String,NotEmpty]; arguments [org.springframework.context.support.DefaultMessageSourceResolvable: codes [employeePayrollDTO.name,name]; arguments []; default message [name]]; default message [Employee name cannot be null]] [Field error in object 'employeePayrollDTO' on field 'salary': rejected value [2]; codes [Min.employeePayrollDTO.salary,Min.salary,Min.long,Min]; arguments [org.springframework.context.support.DefaultMessageSourceResolvable: codes [employeePayrollDTO.salary,salary]; arguments []; default message [salary],500]; default message [Min Wage should be more than 500]] ]
2022-06-06 00:34:56.012  WARN 4620 --- [http-nio-8085-exec-8] .m.m.a.ExceptionHandlerExceptionResolver : Resolved [org.springframework.web.bind.MethodArgumentNotValidException: Validation failed for argument [0] in public org.springframework.http.ResponseEntity<com.bridgelabz.employeepayrollapp.dto.ResponseDTO> com.bridgelabz.employeepayrollapp.controller.EmployeePayrollController.addEmployeePayrollData(com.bridgelabz.employeepayrollapp.dto.EmployeePayrollDTO): [Field error in object 'employeePayrollDTO' on field 'salary': rejected value [2]; codes [Min.employeePayrollDTO.salary,Min.salary,Min.long,Min]; arguments [org.springframework.context.support.DefaultMessageSourceResolvable: codes [employeePayrollDTO.salary,salary]; arguments []; default message [salary],500]; default message [Min Wage should be more than 500]] ]
2022-06-06 00:37:19.847  INFO 4624 --- [restartedMain] c.b.e.EmployeePayrollAppApplication      : Starting EmployeePayrollAppApplication using Java 1.8.0_181 on LAPTOP-PUULM6OO with PID 4624 (C:\Users\Mangesh\Downloads\JavaWebApplicationStepByStep-master\employeepayrollapp\target\classes started by Mangesh in C:\Users\Mangesh\Downloads\JavaWebApplicationStepByStep-master\employeepayrollapp)
2022-06-06 00:37:19.850 DEBUG 4624 --- [restartedMain] c.b.e.EmployeePayrollAppApplication      : Running with Spring Boot v2.7.0, Spring v5.3.20
2022-06-06 00:37:19.852  INFO 4624 --- [restartedMain] c.b.e.EmployeePayrollAppApplication      : The following 1 profile is active: "dev"
2022-06-06 00:37:25.182  WARN 4624 --- [restartedMain] JpaBaseConfiguration$JpaWebConfiguration : spring.jpa.open-in-view is enabled by default. Therefore, database queries may be performed during view rendering. Explicitly configure spring.jpa.open-in-view to disable this warning
2022-06-06 00:37:26.074  INFO 4624 --- [restartedMain] c.b.e.EmployeePayrollAppApplication      : Started EmployeePayrollAppApplication in 6.739 seconds (JVM running for 7.406)
2022-06-06 00:37:26.081  INFO 4624 --- [restartedMain] c.b.e.EmployeePayrollAppApplication      : Employee Payroll App Started
2022-06-06 00:37:26.083  INFO 4624 --- [restartedMain] c.b.e.EmployeePayrollAppApplication      : Employee Payroll DB User is root 
2022-06-06 00:37:54.142  INFO 23892 --- [restartedMain] c.b.e.EmployeePayrollAppApplication      : Starting EmployeePayrollAppApplication using Java 1.8.0_181 on LAPTOP-PUULM6OO with PID 23892 (C:\Users\Mangesh\Downloads\JavaWebApplicationStepByStep-master\employeepayrollapp\target\classes started by Mangesh in C:\Users\Mangesh\Downloads\JavaWebApplicationStepByStep-master\employeepayrollapp)
2022-06-06 00:37:54.144 DEBUG 23892 --- [restartedMain] c.b.e.EmployeePayrollAppApplication      : Running with Spring Boot v2.7.0, Spring v5.3.20
2022-06-06 00:37:54.145  INFO 23892 --- [restartedMain] c.b.e.EmployeePayrollAppApplication      : The following 1 profile is active: "dev"
2022-06-06 00:37:58.349  WARN 23892 --- [restartedMain] JpaBaseConfiguration$JpaWebConfiguration : spring.jpa.open-in-view is enabled by default. Therefore, database queries may be performed during view rendering. Explicitly configure spring.jpa.open-in-view to disable this warning
2022-06-06 00:37:59.364  INFO 23892 --- [restartedMain] c.b.e.EmployeePayrollAppApplication      : Started EmployeePayrollAppApplication in 5.665 seconds (JVM running for 6.254)
2022-06-06 00:37:59.369  INFO 23892 --- [restartedMain] c.b.e.EmployeePayrollAppApplication      : Employee Payroll App Started
2022-06-06 00:37:59.371  INFO 23892 --- [restartedMain] c.b.e.EmployeePayrollAppApplication      : Employee Payroll DB User is root 
2022-06-06 00:38:38.866  WARN 23892 --- [http-nio-8085-exec-1] .m.m.a.ExceptionHandlerExceptionResolver : Resolved [org.springframework.web.bind.MethodArgumentNotValidException: Validation failed for argument [0] in public org.springframework.http.ResponseEntity<com.bridgelabz.employeepayrollapp.dto.ResponseDTO> com.bridgelabz.employeepayrollapp.controller.EmployeePayrollController.addEmployeePayrollData(com.bridgelabz.employeepayrollapp.dto.EmployeePayrollDTO) with 2 errors: [Field error in object 'employeePayrollDTO' on field 'name': rejected value [angesh]; codes [Pattern.employeePayrollDTO.name,Pattern.name,Pattern.java.lang.String,Pattern]; arguments [org.springframework.context.support.DefaultMessageSourceResolvable: codes [employeePayrollDTO.name,name]; arguments []; default message [name],[Ljavax.validation.constraints.Pattern$Flag;@5613f1b6,^[A-Z]{1}[a-zA-Z\s]{2,}$]; default message [Employee Name Invalid!!!]] [Field error in object 'employeePayrollDTO' on field 'salary': rejected value [2]; codes [Min.employeePayrollDTO.salary,Min.salary,Min.long,Min]; arguments [org.springframework.context.support.DefaultMessageSourceResolvable: codes [employeePayrollDTO.salary,salary]; arguments []; default message [salary],500]; default message [Min Wage should be more than 500]] ]
2022-06-06 00:38:46.013  WARN 23892 --- [http-nio-8085-exec-4] .m.m.a.ExceptionHandlerExceptionResolver : Resolved [org.springframework.web.bind.MethodArgumentNotValidException: Validation failed for argument [0] in public org.springframework.http.ResponseEntity<com.bridgelabz.employeepayrollapp.dto.ResponseDTO> com.bridgelabz.employeepayrollapp.controller.EmployeePayrollController.addEmployeePayrollData(com.bridgelabz.employeepayrollapp.dto.EmployeePayrollDTO): [Field error in object 'employeePayrollDTO' on field 'salary': rejected value [2]; codes [Min.employeePayrollDTO.salary,Min.salary,Min.long,Min]; arguments [org.springframework.context.support.DefaultMessageSourceResolvable: codes [employeePayrollDTO.salary,salary]; arguments []; default message [salary],500]; default message [Min Wage should be more than 500]] ]
2022-06-06 00:40:46.401  INFO 19164 --- [restartedMain] c.b.e.EmployeePayrollAppApplication      : Starting EmployeePayrollAppApplication using Java 1.8.0_181 on LAPTOP-PUULM6OO with PID 19164 (C:\Users\Mangesh\Downloads\JavaWebApplicationStepByStep-master\employeepayrollapp\target\classes started by Mangesh in C:\Users\Mangesh\Downloads\JavaWebApplicationStepByStep-master\employeepayrollapp)
2022-06-06 00:40:46.403 DEBUG 19164 --- [restartedMain] c.b.e.EmployeePayrollAppApplication      : Running with Spring Boot v2.7.0, Spring v5.3.20
2022-06-06 00:40:46.404  INFO 19164 --- [restartedMain] c.b.e.EmployeePayrollAppApplication      : The following 1 profile is active: "dev"
2022-06-06 00:40:50.618  WARN 19164 --- [restartedMain] JpaBaseConfiguration$JpaWebConfiguration : spring.jpa.open-in-view is enabled by default. Therefore, database queries may be performed during view rendering. Explicitly configure spring.jpa.open-in-view to disable this warning
2022-06-06 00:40:51.519  INFO 19164 --- [restartedMain] c.b.e.EmployeePayrollAppApplication      : Started EmployeePayrollAppApplication in 5.556 seconds (JVM running for 6.124)
2022-06-06 00:40:51.527  INFO 19164 --- [restartedMain] c.b.e.EmployeePayrollAppApplication      : Employee Payroll App Started
2022-06-06 00:40:51.530  INFO 19164 --- [restartedMain] c.b.e.EmployeePayrollAppApplication      : Employee Payroll DB User is root 
2022-06-06 00:43:07.649  WARN 19164 --- [http-nio-8085-exec-5] .m.m.a.ExceptionHandlerExceptionResolver : Resolved [com.bridgelabz.employeepayrollapp.exception.EmployeePayrollException: Employee with Employee Id 6 Does Not Exists In Database.]
2022-06-06 00:43:13.129  WARN 19164 --- [http-nio-8085-exec-7] .m.m.a.ExceptionHandlerExceptionResolver : Resolved [com.bridgelabz.employeepayrollapp.exception.EmployeePayrollException: Employee with Employee Id 8 Does Not Exists In Database.]
2022-06-06 00:43:17.656  WARN 19164 --- [http-nio-8085-exec-10] .m.m.a.ExceptionHandlerExceptionResolver : Resolved [com.bridgelabz.employeepayrollapp.exception.EmployeePayrollException: Employee with Employee Id 0 Does Not Exists In Database.]
2022-06-06 10:08:50.878  INFO 18332 --- [restartedMain] c.b.e.EmployeePayrollAppApplication      : Starting EmployeePayrollAppApplication using Java 1.8.0_181 on LAPTOP-PUULM6OO with PID 18332 (C:\Users\Mangesh\Downloads\JavaWebApplicationStepByStep-master\employeepayrollapp\target\classes started by Mangesh in C:\Users\Mangesh\Downloads\JavaWebApplicationStepByStep-master\employeepayrollapp)
2022-06-06 10:08:50.878 DEBUG 18332 --- [restartedMain] c.b.e.EmployeePayrollAppApplication      : Running with Spring Boot v2.7.0, Spring v5.3.20
2022-06-06 10:08:50.883  INFO 18332 --- [restartedMain] c.b.e.EmployeePayrollAppApplication      : The following 1 profile is active: "dev"
2022-06-06 10:08:56.588  WARN 18332 --- [restartedMain] JpaBaseConfiguration$JpaWebConfiguration : spring.jpa.open-in-view is enabled by default. Therefore, database queries may be performed during view rendering. Explicitly configure spring.jpa.open-in-view to disable this warning
2022-06-06 10:08:57.778  INFO 18332 --- [restartedMain] c.b.e.EmployeePayrollAppApplication      : Started EmployeePayrollAppApplication in 7.831 seconds (JVM running for 8.869)
2022-06-06 10:08:57.788  INFO 18332 --- [restartedMain] c.b.e.EmployeePayrollAppApplication      : Employee Payroll App Started
2022-06-06 10:08:57.788  INFO 18332 --- [restartedMain] c.b.e.EmployeePayrollAppApplication      : Employee Payroll DB User is root 
2022-06-06 20:47:19.400  INFO 18056 --- [restartedMain] c.b.e.EmployeePayrollAppApplication      : Starting EmployeePayrollAppApplication using Java 1.8.0_181 on LAPTOP-PUULM6OO with PID 18056 (C:\Users\Mangesh\Downloads\JavaWebApplicationStepByStep-master\employeepayrollapp\target\classes started by Mangesh in C:\Users\Mangesh\Downloads\JavaWebApplicationStepByStep-master\employeepayrollapp)
2022-06-06 20:47:19.400 DEBUG 18056 --- [restartedMain] c.b.e.EmployeePayrollAppApplication      : Running with Spring Boot v2.7.0, Spring v5.3.20
2022-06-06 20:47:19.400  INFO 18056 --- [restartedMain] c.b.e.EmployeePayrollAppApplication      : The following 1 profile is active: "dev"
2022-06-06 20:47:24.597  WARN 18056 --- [restartedMain] JpaBaseConfiguration$JpaWebConfiguration : spring.jpa.open-in-view is enabled by default. Therefore, database queries may be performed during view rendering. Explicitly configure spring.jpa.open-in-view to disable this warning
2022-06-06 20:47:25.761  INFO 18056 --- [restartedMain] c.b.e.EmployeePayrollAppApplication      : Started EmployeePayrollAppApplication in 6.905 seconds (JVM running for 7.579)
2022-06-06 20:47:25.771  INFO 18056 --- [restartedMain] c.b.e.EmployeePayrollAppApplication      : Employee Payroll App Started
2022-06-06 20:47:25.774  INFO 18056 --- [restartedMain] c.b.e.EmployeePayrollAppApplication      : Employee Payroll DB User is root 
2022-06-06 20:51:07.205 DEBUG 18056 --- [http-nio-8085-exec-5] c.b.e.s.EmployeePayrollServiceImpl       : Emp Data: EmployeePayrollData(employeeId=0, name=Mangesh Bhujang, salary=300000, gender=male, startDate=2022-04-05, note=Hello Mangesh, profilePic=assets/3.png, department=[Sales, HR])
2022-06-06 20:52:19.655  WARN 18056 --- [http-nio-8085-exec-10] .m.m.a.ExceptionHandlerExceptionResolver : Resolved [com.bridgelabz.employeepayrollapp.exception.EmployeePayrollException: Employee with Employee Id 2 Does Not Exists In Database.]
2022-06-06 20:52:25.116  WARN 18056 --- [http-nio-8085-exec-9] .m.m.a.ExceptionHandlerExceptionResolver : Resolved [com.bridgelabz.employeepayrollapp.exception.EmployeePayrollException: Employee with Employee Id 5 Does Not Exists In Database.]
2022-06-06 20:53:41.744 DEBUG 18056 --- [http-nio-8085-exec-4] c.b.e.s.EmployeePayrollServiceImpl       : Emp Data: EmployeePayrollData(employeeId=0, name=Nilesh Pawar, salary=450000, gender=male, startDate=2021-03-01, note=Hello Nilesh, profilePic=assets/4.png, department=[Engineer, HR])
2022-06-06 20:54:43.344 DEBUG 18056 --- [http-nio-8085-exec-7] c.b.e.s.EmployeePayrollServiceImpl       : Emp Data: EmployeePayrollData(employeeId=0, name=Ashvini Konojia, salary=450000, gender=male, startDate=2021-09-02, note=Hello Ashvini, profilePic=assets/3.png, department=[Engineer, HR])
2022-06-06 20:55:31.117  WARN 18056 --- [http-nio-8085-exec-1] .m.m.a.ExceptionHandlerExceptionResolver : Resolved [org.springframework.web.bind.MethodArgumentNotValidException: Validation failed for argument [0] in public org.springframework.http.ResponseEntity<com.bridgelabz.employeepayrollapp.dto.ResponseDTO> com.bridgelabz.employeepayrollapp.controller.EmployeePayrollController.addEmployeePayrollData(com.bridgelabz.employeepayrollapp.dto.EmployeePayrollDTO) with 2 errors: [Field error in object 'employeePayrollDTO' on field 'gender': rejected value [feMale]; codes [Pattern.employeePayrollDTO.gender,Pattern.gender,Pattern.java.lang.String,Pattern]; arguments [org.springframework.context.support.DefaultMessageSourceResolvable: codes [employeePayrollDTO.gender,gender]; arguments []; default message [gender],[Ljavax.validation.constraints.Pattern$Flag;@485098e4,male|female]; default message [Gender needs to be male or female]] [Field error in object 'employeePayrollDTO' on field 'name': rejected value [divya]; codes [Pattern.employeePayrollDTO.name,Pattern.name,Pattern.java.lang.String,Pattern]; arguments [org.springframework.context.support.DefaultMessageSourceResolvable: codes [employeePayrollDTO.name,name]; arguments []; default message [name],[Ljavax.validation.constraints.Pattern$Flag;@485098e4,^[A-Z]{1}[a-zA-Z\s]{2,}$]; default message [Employee Name Invalid!!!]] ]
2022-06-06 20:55:41.308  WARN 18056 --- [http-nio-8085-exec-10] .m.m.a.ExceptionHandlerExceptionResolver : Resolved [org.springframework.web.bind.MethodArgumentNotValidException: Validation failed for argument [0] in public org.springframework.http.ResponseEntity<com.bridgelabz.employeepayrollapp.dto.ResponseDTO> com.bridgelabz.employeepayrollapp.controller.EmployeePayrollController.addEmployeePayrollData(com.bridgelabz.employeepayrollapp.dto.EmployeePayrollDTO): [Field error in object 'employeePayrollDTO' on field 'name': rejected value [divya]; codes [Pattern.employeePayrollDTO.name,Pattern.name,Pattern.java.lang.String,Pattern]; arguments [org.springframework.context.support.DefaultMessageSourceResolvable: codes [employeePayrollDTO.name,name]; arguments []; default message [name],[Ljavax.validation.constraints.Pattern$Flag;@485098e4,^[A-Z]{1}[a-zA-Z\s]{2,}$]; default message [Employee Name Invalid!!!]] ]
2022-06-06 20:56:16.794  WARN 18056 --- [http-nio-8085-exec-9] .m.m.a.ExceptionHandlerExceptionResolver : Resolved [org.springframework.web.bind.MethodArgumentNotValidException: Validation failed for argument [0] in public org.springframework.http.ResponseEntity<com.bridgelabz.employeepayrollapp.dto.ResponseDTO> com.bridgelabz.employeepayrollapp.controller.EmployeePayrollController.addEmployeePayrollData(com.bridgelabz.employeepayrollapp.dto.EmployeePayrollDTO): [Field error in object 'employeePayrollDTO' on field 'salary': rejected value [45]; codes [Min.employeePayrollDTO.salary,Min.salary,Min.long,Min]; arguments [org.springframework.context.support.DefaultMessageSourceResolvable: codes [employeePayrollDTO.salary,salary]; arguments []; default message [salary],500]; default message [Min Wage should be more than 500]] ]
2022-06-06 20:56:26.941 ERROR 18056 --- [http-nio-8085-exec-4] .b.e.e.EmployeePayrollExceptionalHandler : Invalid Date Format

org.springframework.http.converter.HttpMessageNotReadableException: JSON parse error: Cannot deserialize value of type `java.time.LocalDate` from String "0103 2020": Failed to deserialize java.time.LocalDate: (java.time.format.DateTimeParseException) Text '0103 2020' could not be parsed at index 2; nested exception is com.fasterxml.jackson.databind.exc.InvalidFormatException: Cannot deserialize value of type `java.time.LocalDate` from String "0103 2020": Failed to deserialize java.time.LocalDate: (java.time.format.DateTimeParseException) Text '0103 2020' could not be parsed at index 2
 at [Source: (org.springframework.util.StreamUtils$NonClosingInputStream); line: 5, column: 18] (through reference chain: com.bridgelabz.employeepayrollapp.dto.EmployeePayrollDTO["startDate"])
	at org.springframework.http.converter.json.AbstractJackson2HttpMessageConverter.readJavaType(AbstractJackson2HttpMessageConverter.java:391) ~[spring-web-5.3.20.jar:5.3.20]
	at org.springframework.http.converter.json.AbstractJackson2HttpMessageConverter.read(AbstractJackson2HttpMessageConverter.java:343) ~[spring-web-5.3.20.jar:5.3.20]
	at org.springframework.web.servlet.mvc.method.annotation.AbstractMessageConverterMethodArgumentResolver.readWithMessageConverters(AbstractMessageConverterMethodArgumentResolver.java:185) ~[spring-webmvc-5.3.20.jar:5.3.20]
	at org.springframework.web.servlet.mvc.method.annotation.RequestResponseBodyMethodProcessor.readWithMessageConverters(RequestResponseBodyMethodProcessor.java:160) ~[spring-webmvc-5.3.20.jar:5.3.20]
	at org.springframework.web.servlet.mvc.method.annotation.RequestResponseBodyMethodProcessor.resolveArgument(RequestResponseBodyMethodProcessor.java:133) ~[spring-webmvc-5.3.20.jar:5.3.20]
	at org.springframework.web.method.support.HandlerMethodArgumentResolverComposite.resolveArgument(HandlerMethodArgumentResolverComposite.java:122) ~[spring-web-5.3.20.jar:5.3.20]
	at org.springframework.web.method.support.InvocableHandlerMethod.getMethodArgumentValues(InvocableHandlerMethod.java:179) ~[spring-web-5.3.20.jar:5.3.20]
	at org.springframework.web.method.support.InvocableHandlerMethod.invokeForRequest(InvocableHandlerMethod.java:146) ~[spring-web-5.3.20.jar:5.3.20]
	at org.springframework.web.servlet.mvc.method.annotation.ServletInvocableHandlerMethod.invokeAndHandle(ServletInvocableHandlerMethod.java:117) ~[spring-webmvc-5.3.20.jar:5.3.20]
	at org.springframework.web.servlet.mvc.method.annotation.RequestMappingHandlerAdapter.invokeHandlerMethod(RequestMappingHandlerAdapter.java:895) ~[spring-webmvc-5.3.20.jar:5.3.20]
	at org.springframework.web.servlet.mvc.method.annotation.RequestMappingHandlerAdapter.handleInternal(RequestMappingHandlerAdapter.java:808) ~[spring-webmvc-5.3.20.jar:5.3.20]
	at org.springframework.web.servlet.mvc.method.AbstractHandlerMethodAdapter.handle(AbstractHandlerMethodAdapter.java:87) ~[spring-webmvc-5.3.20.jar:5.3.20]
	at org.springframework.web.servlet.DispatcherServlet.doDispatch(DispatcherServlet.java:1067) ~[spring-webmvc-5.3.20.jar:5.3.20]
	at org.springframework.web.servlet.DispatcherServlet.doService(DispatcherServlet.java:963) ~[spring-webmvc-5.3.20.jar:5.3.20]
	at org.springframework.web.servlet.FrameworkServlet.processRequest(FrameworkServlet.java:1006) [spring-webmvc-5.3.20.jar:5.3.20]
	at org.springframework.web.servlet.FrameworkServlet.doPost(FrameworkServlet.java:909) [spring-webmvc-5.3.20.jar:5.3.20]
	at javax.servlet.http.HttpServlet.service(HttpServlet.java:681) [tomcat-embed-core-9.0.63.jar:4.0.FR]
	at org.springframework.web.servlet.FrameworkServlet.service(FrameworkServlet.java:883) [spring-webmvc-5.3.20.jar:5.3.20]
	at javax.servlet.http.HttpServlet.service(HttpServlet.java:764) [tomcat-embed-core-9.0.63.jar:4.0.FR]
	at org.apache.catalina.core.ApplicationFilterChain.internalDoFilter(ApplicationFilterChain.java:227) [tomcat-embed-core-9.0.63.jar:9.0.63]
	at org.apache.catalina.core.ApplicationFilterChain.doFilter(ApplicationFilterChain.java:162) [tomcat-embed-core-9.0.63.jar:9.0.63]
	at org.apache.tomcat.websocket.server.WsFilter.doFilter(WsFilter.java:53) [tomcat-embed-websocket-9.0.63.jar:9.0.63]
	at org.apache.catalina.core.ApplicationFilterChain.internalDoFilter(ApplicationFilterChain.java:189) [tomcat-embed-core-9.0.63.jar:9.0.63]
	at org.apache.catalina.core.ApplicationFilterChain.doFilter(ApplicationFilterChain.java:162) [tomcat-embed-core-9.0.63.jar:9.0.63]
	at org.springframework.web.filter.RequestContextFilter.doFilterInternal(RequestContextFilter.java:100) [spring-web-5.3.20.jar:5.3.20]
	at org.springframework.web.filter.OncePerRequestFilter.doFilter(OncePerRequestFilter.java:117) [spring-web-5.3.20.jar:5.3.20]
	at org.apache.catalina.core.ApplicationFilterChain.internalDoFilter(ApplicationFilterChain.java:189) [tomcat-embed-core-9.0.63.jar:9.0.63]
	at org.apache.catalina.core.ApplicationFilterChain.doFilter(ApplicationFilterChain.java:162) [tomcat-embed-core-9.0.63.jar:9.0.63]
	at org.springframework.web.filter.FormContentFilter.doFilterInternal(FormContentFilter.java:93) [spring-web-5.3.20.jar:5.3.20]
	at org.springframework.web.filter.OncePerRequestFilter.doFilter(OncePerRequestFilter.java:117) [spring-web-5.3.20.jar:5.3.20]
	at org.apache.catalina.core.ApplicationFilterChain.internalDoFilter(ApplicationFilterChain.java:189) [tomcat-embed-core-9.0.63.jar:9.0.63]
	at org.apache.catalina.core.ApplicationFilterChain.doFilter(ApplicationFilterChain.java:162) [tomcat-embed-core-9.0.63.jar:9.0.63]
	at org.springframework.web.filter.CharacterEncodingFilter.doFilterInternal(CharacterEncodingFilter.java:201) [spring-web-5.3.20.jar:5.3.20]
	at org.springframework.web.filter.OncePerRequestFilter.doFilter(OncePerRequestFilter.java:117) [spring-web-5.3.20.jar:5.3.20]
	at org.apache.catalina.core.ApplicationFilterChain.internalDoFilter(ApplicationFilterChain.java:189) [tomcat-embed-core-9.0.63.jar:9.0.63]
	at org.apache.catalina.core.ApplicationFilterChain.doFilter(ApplicationFilterChain.java:162) [tomcat-embed-core-9.0.63.jar:9.0.63]
	at org.apache.catalina.core.StandardWrapperValve.invoke(StandardWrapperValve.java:197) [tomcat-embed-core-9.0.63.jar:9.0.63]
	at org.apache.catalina.core.StandardContextValve.invoke(StandardContextValve.java:97) [tomcat-embed-core-9.0.63.jar:9.0.63]
	at org.apache.catalina.authenticator.AuthenticatorBase.invoke(AuthenticatorBase.java:541) [tomcat-embed-core-9.0.63.jar:9.0.63]
	at org.apache.catalina.core.StandardHostValve.invoke(StandardHostValve.java:135) [tomcat-embed-core-9.0.63.jar:9.0.63]
	at org.apache.catalina.valves.ErrorReportValve.invoke(ErrorReportValve.java:92) [tomcat-embed-core-9.0.63.jar:9.0.63]
	at org.apache.catalina.core.StandardEngineValve.invoke(StandardEngineValve.java:78) [tomcat-embed-core-9.0.63.jar:9.0.63]
	at org.apache.catalina.connector.CoyoteAdapter.service(CoyoteAdapter.java:360) [tomcat-embed-core-9.0.63.jar:9.0.63]
	at org.apache.coyote.http11.Http11Processor.service(Http11Processor.java:399) [tomcat-embed-core-9.0.63.jar:9.0.63]
	at org.apache.coyote.AbstractProcessorLight.process(AbstractProcessorLight.java:65) [tomcat-embed-core-9.0.63.jar:9.0.63]
	at org.apache.coyote.AbstractProtocol$ConnectionHandler.process(AbstractProtocol.java:890) [tomcat-embed-core-9.0.63.jar:9.0.63]
	at org.apache.tomcat.util.net.NioEndpoint$SocketProcessor.doRun(NioEndpoint.java:1743) [tomcat-embed-core-9.0.63.jar:9.0.63]
	at org.apache.tomcat.util.net.SocketProcessorBase.run(SocketProcessorBase.java:49) [tomcat-embed-core-9.0.63.jar:9.0.63]
	at org.apache.tomcat.util.threads.ThreadPoolExecutor.runWorker(ThreadPoolExecutor.java:1191) [tomcat-embed-core-9.0.63.jar:9.0.63]
	at org.apache.tomcat.util.threads.ThreadPoolExecutor$Worker.run(ThreadPoolExecutor.java:659) [tomcat-embed-core-9.0.63.jar:9.0.63]
	at org.apache.tomcat.util.threads.TaskThread$WrappingRunnable.run(TaskThread.java:61) [tomcat-embed-core-9.0.63.jar:9.0.63]
	at java.lang.Thread.run(Thread.java:748) [na:1.8.0_181]
Caused by: com.fasterxml.jackson.databind.exc.InvalidFormatException: Cannot deserialize value of type `java.time.LocalDate` from String "0103 2020": Failed to deserialize java.time.LocalDate: (java.time.format.DateTimeParseException) Text '0103 2020' could not be parsed at index 2
 at [Source: (org.springframework.util.StreamUtils$NonClosingInputStream); line: 5, column: 18] (through reference chain: com.bridgelabz.employeepayrollapp.dto.EmployeePayrollDTO["startDate"])
	at com.fasterxml.jackson.databind.exc.InvalidFormatException.from(InvalidFormatException.java:67) ~[jackson-databind-2.13.3.jar:2.13.3]
	at com.fasterxml.jackson.databind.DeserializationContext.weirdStringException(DeserializationContext.java:1991) ~[jackson-databind-2.13.3.jar:2.13.3]
	at com.fasterxml.jackson.databind.DeserializationContext.handleWeirdStringValue(DeserializationContext.java:1219) ~[jackson-databind-2.13.3.jar:2.13.3]
	at com.fasterxml.jackson.datatype.jsr310.deser.JSR310DeserializerBase._handleDateTimeException(JSR310DeserializerBase.java:176) ~[jackson-datatype-jsr310-2.13.3.jar:2.13.3]
	at com.fasterxml.jackson.datatype.jsr310.deser.LocalDateDeserializer._fromString(LocalDateDeserializer.java:172) ~[jackson-datatype-jsr310-2.13.3.jar:2.13.3]
	at com.fasterxml.jackson.datatype.jsr310.deser.LocalDateDeserializer.deserialize(LocalDateDeserializer.java:90) ~[jackson-datatype-jsr310-2.13.3.jar:2.13.3]
	at com.fasterxml.jackson.datatype.jsr310.deser.LocalDateDeserializer.deserialize(LocalDateDeserializer.java:36) ~[jackson-datatype-jsr310-2.13.3.jar:2.13.3]
	at com.fasterxml.jackson.databind.deser.impl.MethodProperty.deserializeAndSet(MethodProperty.java:129) ~[jackson-databind-2.13.3.jar:2.13.3]
	at com.fasterxml.jackson.databind.deser.BeanDeserializer.deserializeFromObject(BeanDeserializer.java:391) ~[jackson-databind-2.13.3.jar:2.13.3]
	at com.fasterxml.jackson.databind.deser.BeanDeserializer.deserialize(BeanDeserializer.java:184) ~[jackson-databind-2.13.3.jar:2.13.3]
	at com.fasterxml.jackson.databind.deser.DefaultDeserializationContext.readRootValue(DefaultDeserializationContext.java:323) ~[jackson-databind-2.13.3.jar:2.13.3]
	at com.fasterxml.jackson.databind.ObjectMapper._readMapAndClose(ObjectMapper.java:4674) ~[jackson-databind-2.13.3.jar:2.13.3]
	at com.fasterxml.jackson.databind.ObjectMapper.readValue(ObjectMapper.java:3682) ~[jackson-databind-2.13.3.jar:2.13.3]
	at org.springframework.http.converter.json.AbstractJackson2HttpMessageConverter.readJavaType(AbstractJackson2HttpMessageConverter.java:380) ~[spring-web-5.3.20.jar:5.3.20]
	... 51 common frames omitted
Caused by: java.time.format.DateTimeParseException: Text '0103 2020' could not be parsed at index 2
	at java.time.format.DateTimeFormatter.parseResolved0(DateTimeFormatter.java:1949) ~[na:1.8.0_181]
	at java.time.format.DateTimeFormatter.parse(DateTimeFormatter.java:1851) ~[na:1.8.0_181]
	at java.time.LocalDate.parse(LocalDate.java:400) ~[na:1.8.0_181]
	at com.fasterxml.jackson.datatype.jsr310.deser.LocalDateDeserializer._fromString(LocalDateDeserializer.java:170) ~[jackson-datatype-jsr310-2.13.3.jar:2.13.3]
	... 60 common frames omitted

2022-06-06 20:56:26.953  WARN 18056 --- [http-nio-8085-exec-4] .m.m.a.ExceptionHandlerExceptionResolver : Resolved [org.springframework.http.converter.HttpMessageNotReadableException: JSON parse error: Cannot deserialize value of type `java.time.LocalDate` from String "0103 2020": Failed to deserialize java.time.LocalDate: (java.time.format.DateTimeParseException) Text '0103 2020' could not be parsed at index 2; nested exception is com.fasterxml.jackson.databind.exc.InvalidFormatException: Cannot deserialize value of type `java.time.LocalDate` from String "0103 2020": Failed to deserialize java.time.LocalDate: (java.time.format.DateTimeParseException) Text '0103 2020' could not be parsed at index 2<EOL> at [Source: (org.springframework.util.StreamUtils$NonClosingInputStream); line: 5, column: 18] (through reference chain: com.bridgelabz.employeepayrollapp.dto.EmployeePayrollDTO["startDate"])]
2022-06-06 20:56:37.015  WARN 18056 --- [http-nio-8085-exec-6] .m.m.a.ExceptionHandlerExceptionResolver : Resolved [org.springframework.web.bind.MethodArgumentNotValidException: Validation failed for argument [0] in public org.springframework.http.ResponseEntity<com.bridgelabz.employeepayrollapp.dto.ResponseDTO> com.bridgelabz.employeepayrollapp.controller.EmployeePayrollController.addEmployeePayrollData(com.bridgelabz.employeepayrollapp.dto.EmployeePayrollDTO): [Field error in object 'employeePayrollDTO' on field 'note': rejected value []; codes [NotBlank.employeePayrollDTO.note,NotBlank.note,NotBlank.java.lang.String,NotBlank]; arguments [org.springframework.context.support.DefaultMessageSourceResolvable: codes [employeePayrollDTO.note,note]; arguments []; default message [note]]; default message [Note cannot be Empty]] ]
2022-06-06 20:56:50.300  WARN 18056 --- [http-nio-8085-exec-1] .m.m.a.ExceptionHandlerExceptionResolver : Resolved [org.springframework.web.bind.MethodArgumentNotValidException: Validation failed for argument [0] in public org.springframework.http.ResponseEntity<com.bridgelabz.employeepayrollapp.dto.ResponseDTO> com.bridgelabz.employeepayrollapp.controller.EmployeePayrollController.addEmployeePayrollData(com.bridgelabz.employeepayrollapp.dto.EmployeePayrollDTO): [Field error in object 'employeePayrollDTO' on field 'note': rejected value []; codes [NotBlank.employeePayrollDTO.note,NotBlank.note,NotBlank.java.lang.String,NotBlank]; arguments [org.springframework.context.support.DefaultMessageSourceResolvable: codes [employeePayrollDTO.note,note]; arguments []; default message [note]]; default message [Note cannot be Empty]] ]
2022-06-06 20:56:57.847  WARN 18056 --- [http-nio-8085-exec-10] .m.m.a.ExceptionHandlerExceptionResolver : Resolved [org.springframework.web.bind.MethodArgumentNotValidException: Validation failed for argument [0] in public org.springframework.http.ResponseEntity<com.bridgelabz.employeepayrollapp.dto.ResponseDTO> com.bridgelabz.employeepayrollapp.controller.EmployeePayrollController.addEmployeePayrollData(com.bridgelabz.employeepayrollapp.dto.EmployeePayrollDTO): [Field error in object 'employeePayrollDTO' on field 'profilePic': rejected value []; codes [NotBlank.employeePayrollDTO.profilePic,NotBlank.profilePic,NotBlank.java.lang.String,NotBlank]; arguments [org.springframework.context.support.DefaultMessageSourceResolvable: codes [employeePayrollDTO.profilePic,profilePic]; arguments []; default message [profilePic]]; default message [Profile Pic cannot be Empty]] ]
2022-06-06 20:57:07.034 DEBUG 18056 --- [http-nio-8085-exec-9] c.b.e.s.EmployeePayrollServiceImpl       : Emp Data: EmployeePayrollData(employeeId=0, name=Divya, salary=450000, gender=female, startDate=2020-03-01, note=Hello Divya, profilePic=assets/4.png, department=[])
2022-06-06 20:59:20.167 DEBUG 18056 --- [http-nio-8085-exec-5] c.b.e.s.EmployeePayrollServiceImpl       : Emp Data: EmployeePayrollData(employeeId=0, name=Archana, salary=950000, gender=female, startDate=2020-03-03, note=Hello Archana, profilePic=assets/4.png, department=[])
2022-06-06 23:22:26.771  INFO 10464 --- [restartedMain] c.b.e.EmployeePayrollAppApplication      : Starting EmployeePayrollAppApplication using Java 1.8.0_181 on LAPTOP-PUULM6OO with PID 10464 (C:\Users\Mangesh\Downloads\JavaWebApplicationStepByStep-master\employeepayrollapp\target\classes started by Mangesh in C:\Users\Mangesh\Downloads\JavaWebApplicationStepByStep-master\employeepayrollapp)
2022-06-06 23:22:26.786 DEBUG 10464 --- [restartedMain] c.b.e.EmployeePayrollAppApplication      : Running with Spring Boot v2.7.0, Spring v5.3.20
2022-06-06 23:22:26.786  INFO 10464 --- [restartedMain] c.b.e.EmployeePayrollAppApplication      : The following 1 profile is active: "dev"
2022-06-06 23:22:31.847  WARN 10464 --- [restartedMain] JpaBaseConfiguration$JpaWebConfiguration : spring.jpa.open-in-view is enabled by default. Therefore, database queries may be performed during view rendering. Explicitly configure spring.jpa.open-in-view to disable this warning
2022-06-06 23:22:32.753  INFO 10464 --- [restartedMain] c.b.e.EmployeePayrollAppApplication      : Started EmployeePayrollAppApplication in 6.651 seconds (JVM running for 7.437)
2022-06-06 23:22:32.753  INFO 10464 --- [restartedMain] c.b.e.EmployeePayrollAppApplication      : Employee Payroll App Started
2022-06-06 23:22:32.753  INFO 10464 --- [restartedMain] c.b.e.EmployeePayrollAppApplication      : Employee Payroll DB User is root 
2022-06-06 23:34:11.159  INFO 26920 --- [restartedMain] c.b.e.EmployeePayrollAppApplication      : Starting EmployeePayrollAppApplication using Java 1.8.0_181 on LAPTOP-PUULM6OO with PID 26920 (C:\Users\Mangesh\Downloads\JavaWebApplicationStepByStep-master\employeepayrollapp\target\classes started by Mangesh in C:\Users\Mangesh\Downloads\JavaWebApplicationStepByStep-master\employeepayrollapp)
2022-06-06 23:34:11.159 DEBUG 26920 --- [restartedMain] c.b.e.EmployeePayrollAppApplication      : Running with Spring Boot v2.7.0, Spring v5.3.20
2022-06-06 23:34:11.159  INFO 26920 --- [restartedMain] c.b.e.EmployeePayrollAppApplication      : The following 1 profile is active: "dev"
2022-06-06 23:34:15.748  WARN 26920 --- [restartedMain] JpaBaseConfiguration$JpaWebConfiguration : spring.jpa.open-in-view is enabled by default. Therefore, database queries may be performed during view rendering. Explicitly configure spring.jpa.open-in-view to disable this warning
2022-06-06 23:34:16.733  INFO 26920 --- [restartedMain] c.b.e.EmployeePayrollAppApplication      : Started EmployeePayrollAppApplication in 6.092 seconds (JVM running for 6.739)
2022-06-06 23:34:16.733  INFO 26920 --- [restartedMain] c.b.e.EmployeePayrollAppApplication      : Employee Payroll App Started
2022-06-06 23:34:16.733  INFO 26920 --- [restartedMain] c.b.e.EmployeePayrollAppApplication      : Employee Payroll DB User is root 
